<?xml version="1.0" encoding="UTF-8"?>
<!-- Generated by org.testng.reporters.JUnitReportReporter -->
<testsuite hostname="AmiTs-MacBook-Air.local" failures="0" tests="12" name="runners.Runner" time="149.703" errors="0" timestamp="2025-03-29T15:25:57 IST" skipped="0">
  <testcase classname="runners.Runner" name="runScenario" time="13.129"/>
  <system-out/>
  <testcase classname="runners.Runner" name="runScenario" time="11.645"/>
  <system-out/>
  <testcase classname="runners.Runner" name="runScenario" time="13.282"/>
  <system-out/>
  <testcase classname="runners.Runner" name="runScenario" time="12.866"/>
  <system-out/>
  <testcase classname="runners.Runner" name="runScenario" time="11.120"/>
  <system-out/>
  <testcase classname="runners.Runner" name="runScenario" time="13.419"/>
  <system-out/>
  <testcase classname="runners.Runner" name="runScenario" time="10.828"/>
  <system-out/>
  <testcase classname="runners.Runner" name="runScenario" time="13.623"/>
  <system-out/>
  <testcase classname="runners.Runner" name="runScenario" time="13.654"/>
  <system-out/>
  <testcase classname="runners.Runner" name="runScenario" time="13.124"/>
  <system-out/>
  <testcase classname="runners.Runner" name="runScenario" time="12.002"/>
  <system-out/>
  <testcase classname="runners.Runner" name="runScenario" time="11.011"/>
  <system-out/>
</testsuite> <!-- runners.Runner -->
