<?xml version="1.0" encoding="UTF-8"?>
<!-- Generated by org.testng.reporters.JUnitReportReporter -->
<testsuite hostname="AmiTs-MacBook-Air.local" failures="0" tests="12" name="runners.Runner" time="148.920" errors="0" timestamp="2025-03-29T14:53:53 IST" skipped="0">
  <testcase classname="runners.Runner" name="runScenario" time="13.022"/>
  <system-out/>
  <testcase classname="runners.Runner" name="runScenario" time="11.671"/>
  <system-out/>
  <testcase classname="runners.Runner" name="runScenario" time="14.547"/>
  <system-out/>
  <testcase classname="runners.Runner" name="runScenario" time="12.919"/>
  <system-out/>
  <testcase classname="runners.Runner" name="runScenario" time="9.887"/>
  <system-out/>
  <testcase classname="runners.Runner" name="runScenario" time="13.613"/>
  <system-out/>
  <testcase classname="runners.Runner" name="runScenario" time="10.416"/>
  <system-out/>
  <testcase classname="runners.Runner" name="runScenario" time="15.191"/>
  <system-out/>
  <testcase classname="runners.Runner" name="runScenario" time="12.401"/>
  <system-out/>
  <testcase classname="runners.Runner" name="runScenario" time="13.954"/>
  <system-out/>
  <testcase classname="runners.Runner" name="runScenario" time="11.293"/>
  <system-out/>
  <testcase classname="runners.Runner" name="runScenario" time="10.006"/>
  <system-out/>
</testsuite> <!-- runners.Runner -->
